2019-04-02 22:36:12.975  INFO 10504 --- [main] c.e.b.BootAdminServerApplication         : No active profile set, falling back to default profiles: default
2019-04-02 22:36:12.975  INFO 10504 --- [main] ationConfigEmbeddedWebApplicationContext : Refreshing org.springframework.boot.context.embedded.AnnotationConfigEmbeddedWebApplicationContext@26f7cdf8: startup date [Tue Apr 02 22:36:12 CST 2019]; parent: org.springframework.context.annotation.AnnotationConfigApplicationContext@fd8294b
2019-04-02 22:36:13.233  WARN 10504 --- [main] ationConfigEmbeddedWebApplicationContext : Exception encountered during context initialization - cancelling refresh attempt: org.springframework.beans.factory.BeanDefinitionStoreException: Failed to process import candidates for configuration class [com.example.bootadminserver.BootAdminServerApplication]; nested exception is java.lang.NoClassDefFoundError: org/springframework/cloud/netflix/zuul/ZuulConfiguration
2019-04-02 22:36:13.239  INFO 10504 --- [main] utoConfigurationReportLoggingInitializer : 

Error starting ApplicationContext. To display the auto-configuration report re-run your application with 'debug' enabled.
2019-04-02 22:36:13.244 ERROR 10504 --- [main] o.s.boot.SpringApplication               : Application startup failed

org.springframework.beans.factory.BeanDefinitionStoreException: Failed to process import candidates for configuration class [com.example.bootadminserver.BootAdminServerApplication]; nested exception is java.lang.NoClassDefFoundError: org/springframework/cloud/netflix/zuul/ZuulConfiguration
	at org.springframework.context.annotation.ConfigurationClassParser.processDeferredImportSelectors(ConfigurationClassParser.java:561)
	at org.springframework.context.annotation.ConfigurationClassParser.parse(ConfigurationClassParser.java:187)
	at org.springframework.context.annotation.ConfigurationClassPostProcessor.processConfigBeanDefinitions(ConfigurationClassPostProcessor.java:308)
	at org.springframework.context.annotation.ConfigurationClassPostProcessor.postProcessBeanDefinitionRegistry(ConfigurationClassPostProcessor.java:228)
	at org.springframework.context.support.PostProcessorRegistrationDelegate.invokeBeanDefinitionRegistryPostProcessors(PostProcessorRegistrationDelegate.java:272)
	at org.springframework.context.support.PostProcessorRegistrationDelegate.invokeBeanFactoryPostProcessors(PostProcessorRegistrationDelegate.java:92)
	at org.springframework.context.support.AbstractApplicationContext.invokeBeanFactoryPostProcessors(AbstractApplicationContext.java:687)
	at org.springframework.context.support.AbstractApplicationContext.refresh(AbstractApplicationContext.java:525)
	at org.springframework.boot.context.embedded.EmbeddedWebApplicationContext.refresh(EmbeddedWebApplicationContext.java:124)
	at org.springframework.boot.SpringApplication.refresh(SpringApplication.java:693)
	at org.springframework.boot.SpringApplication.refreshContext(SpringApplication.java:360)
	at org.springframework.boot.SpringApplication.run(SpringApplication.java:303)
	at org.springframework.boot.SpringApplication.run(SpringApplication.java:1118)
	at org.springframework.boot.SpringApplication.run(SpringApplication.java:1107)
	at com.example.bootadminserver.BootAdminServerApplication.main(BootAdminServerApplication.java:14)
Caused by: java.lang.NoClassDefFoundError: org/springframework/cloud/netflix/zuul/ZuulConfiguration
	at java.base/java.lang.ClassLoader.defineClass1(Native Method)
	at java.base/java.lang.ClassLoader.defineClass(ClassLoader.java:1016)
	at java.base/java.security.SecureClassLoader.defineClass(SecureClassLoader.java:174)
	at java.base/jdk.internal.loader.BuiltinClassLoader.defineClass(BuiltinClassLoader.java:802)
	at java.base/jdk.internal.loader.BuiltinClassLoader.findClassOnClassPathOrNull(BuiltinClassLoader.java:700)
	at java.base/jdk.internal.loader.BuiltinClassLoader.loadClassOrNull(BuiltinClassLoader.java:623)
	at java.base/jdk.internal.loader.BuiltinClassLoader.loadClass(BuiltinClassLoader.java:581)
	at java.base/jdk.internal.loader.ClassLoaders$AppClassLoader.loadClass(ClassLoaders.java:178)
	at java.base/java.lang.ClassLoader.loadClass(ClassLoader.java:521)
	at de.codecentric.boot.admin.config.AdminServerImportSelector.selectImports(AdminServerImportSelector.java:31)
	at org.springframework.context.annotation.ConfigurationClassParser.processDeferredImportSelectors(ConfigurationClassParser.java:552)
	... 14 common frames omitted
Caused by: java.lang.ClassNotFoundException: org.springframework.cloud.netflix.zuul.ZuulConfiguration
	at java.base/jdk.internal.loader.BuiltinClassLoader.loadClass(BuiltinClassLoader.java:583)
	at java.base/jdk.internal.loader.ClassLoaders$AppClassLoader.loadClass(ClassLoaders.java:178)
	at java.base/java.lang.ClassLoader.loadClass(ClassLoader.java:521)
	... 25 common frames omitted

2019-04-02 22:43:33.811  INFO 11172 --- [main] c.e.b.BootAdminServerApplication         : No active profile set, falling back to default profiles: default
2019-04-02 22:43:33.811  INFO 11172 --- [main] ationConfigEmbeddedWebApplicationContext : Refreshing org.springframework.boot.context.embedded.AnnotationConfigEmbeddedWebApplicationContext@4bb003e9: startup date [Tue Apr 02 22:43:33 CST 2019]; parent: org.springframework.context.annotation.AnnotationConfigApplicationContext@fd8294b
2019-04-02 22:43:34.056  WARN 11172 --- [main] ationConfigEmbeddedWebApplicationContext : Exception encountered during context initialization - cancelling refresh attempt: org.springframework.beans.factory.BeanDefinitionStoreException: Failed to process import candidates for configuration class [com.example.bootadminserver.BootAdminServerApplication]; nested exception is java.lang.NoClassDefFoundError: org/springframework/cloud/netflix/zuul/ZuulConfiguration
2019-04-02 22:43:34.062  INFO 11172 --- [main] utoConfigurationReportLoggingInitializer : 

Error starting ApplicationContext. To display the auto-configuration report re-run your application with 'debug' enabled.
2019-04-02 22:43:34.068 ERROR 11172 --- [main] o.s.boot.SpringApplication               : Application startup failed

org.springframework.beans.factory.BeanDefinitionStoreException: Failed to process import candidates for configuration class [com.example.bootadminserver.BootAdminServerApplication]; nested exception is java.lang.NoClassDefFoundError: org/springframework/cloud/netflix/zuul/ZuulConfiguration
	at org.springframework.context.annotation.ConfigurationClassParser.processDeferredImportSelectors(ConfigurationClassParser.java:561)
	at org.springframework.context.annotation.ConfigurationClassParser.parse(ConfigurationClassParser.java:187)
	at org.springframework.context.annotation.ConfigurationClassPostProcessor.processConfigBeanDefinitions(ConfigurationClassPostProcessor.java:308)
	at org.springframework.context.annotation.ConfigurationClassPostProcessor.postProcessBeanDefinitionRegistry(ConfigurationClassPostProcessor.java:228)
	at org.springframework.context.support.PostProcessorRegistrationDelegate.invokeBeanDefinitionRegistryPostProcessors(PostProcessorRegistrationDelegate.java:272)
	at org.springframework.context.support.PostProcessorRegistrationDelegate.invokeBeanFactoryPostProcessors(PostProcessorRegistrationDelegate.java:92)
	at org.springframework.context.support.AbstractApplicationContext.invokeBeanFactoryPostProcessors(AbstractApplicationContext.java:687)
	at org.springframework.context.support.AbstractApplicationContext.refresh(AbstractApplicationContext.java:525)
	at org.springframework.boot.context.embedded.EmbeddedWebApplicationContext.refresh(EmbeddedWebApplicationContext.java:124)
	at org.springframework.boot.SpringApplication.refresh(SpringApplication.java:693)
	at org.springframework.boot.SpringApplication.refreshContext(SpringApplication.java:360)
	at org.springframework.boot.SpringApplication.run(SpringApplication.java:303)
	at org.springframework.boot.SpringApplication.run(SpringApplication.java:1118)
	at org.springframework.boot.SpringApplication.run(SpringApplication.java:1107)
	at com.example.bootadminserver.BootAdminServerApplication.main(BootAdminServerApplication.java:14)
Caused by: java.lang.NoClassDefFoundError: org/springframework/cloud/netflix/zuul/ZuulConfiguration
	at java.base/java.lang.ClassLoader.defineClass1(Native Method)
	at java.base/java.lang.ClassLoader.defineClass(ClassLoader.java:1016)
	at java.base/java.security.SecureClassLoader.defineClass(SecureClassLoader.java:174)
	at java.base/jdk.internal.loader.BuiltinClassLoader.defineClass(BuiltinClassLoader.java:802)
	at java.base/jdk.internal.loader.BuiltinClassLoader.findClassOnClassPathOrNull(BuiltinClassLoader.java:700)
	at java.base/jdk.internal.loader.BuiltinClassLoader.loadClassOrNull(BuiltinClassLoader.java:623)
	at java.base/jdk.internal.loader.BuiltinClassLoader.loadClass(BuiltinClassLoader.java:581)
	at java.base/jdk.internal.loader.ClassLoaders$AppClassLoader.loadClass(ClassLoaders.java:178)
	at java.base/java.lang.ClassLoader.loadClass(ClassLoader.java:521)
	at de.codecentric.boot.admin.config.AdminServerImportSelector.selectImports(AdminServerImportSelector.java:31)
	at org.springframework.context.annotation.ConfigurationClassParser.processDeferredImportSelectors(ConfigurationClassParser.java:552)
	... 14 common frames omitted
Caused by: java.lang.ClassNotFoundException: org.springframework.cloud.netflix.zuul.ZuulConfiguration
	at java.base/jdk.internal.loader.BuiltinClassLoader.loadClass(BuiltinClassLoader.java:583)
	at java.base/jdk.internal.loader.ClassLoaders$AppClassLoader.loadClass(ClassLoaders.java:178)
	at java.base/java.lang.ClassLoader.loadClass(ClassLoader.java:521)
	... 25 common frames omitted

2019-04-02 22:45:09.713  INFO 2120 --- [main] c.e.b.BootAdminServerApplication         : No active profile set, falling back to default profiles: default
2019-04-02 22:45:09.737  INFO 2120 --- [main] ationConfigEmbeddedWebApplicationContext : Refreshing org.springframework.boot.context.embedded.AnnotationConfigEmbeddedWebApplicationContext@376e7531: startup date [Tue Apr 02 22:45:09 CST 2019]; parent: org.springframework.context.annotation.AnnotationConfigApplicationContext@5974109
2019-04-02 22:45:09.999  WARN 2120 --- [main] ationConfigEmbeddedWebApplicationContext : Exception encountered during context initialization - cancelling refresh attempt: org.springframework.beans.factory.BeanDefinitionStoreException: Failed to process import candidates for configuration class [com.example.bootadminserver.BootAdminServerApplication]; nested exception is java.lang.NoClassDefFoundError: org/springframework/cloud/netflix/zuul/ZuulConfiguration
2019-04-02 22:45:09.999  INFO 2120 --- [main] utoConfigurationReportLoggingInitializer : 

Error starting ApplicationContext. To display the auto-configuration report re-run your application with 'debug' enabled.
2019-04-02 22:45:10.014 ERROR 2120 --- [main] o.s.boot.SpringApplication               : Application startup failed

org.springframework.beans.factory.BeanDefinitionStoreException: Failed to process import candidates for configuration class [com.example.bootadminserver.BootAdminServerApplication]; nested exception is java.lang.NoClassDefFoundError: org/springframework/cloud/netflix/zuul/ZuulConfiguration
	at org.springframework.context.annotation.ConfigurationClassParser.processDeferredImportSelectors(ConfigurationClassParser.java:561)
	at org.springframework.context.annotation.ConfigurationClassParser.parse(ConfigurationClassParser.java:187)
	at org.springframework.context.annotation.ConfigurationClassPostProcessor.processConfigBeanDefinitions(ConfigurationClassPostProcessor.java:308)
	at org.springframework.context.annotation.ConfigurationClassPostProcessor.postProcessBeanDefinitionRegistry(ConfigurationClassPostProcessor.java:228)
	at org.springframework.context.support.PostProcessorRegistrationDelegate.invokeBeanDefinitionRegistryPostProcessors(PostProcessorRegistrationDelegate.java:272)
	at org.springframework.context.support.PostProcessorRegistrationDelegate.invokeBeanFactoryPostProcessors(PostProcessorRegistrationDelegate.java:92)
	at org.springframework.context.support.AbstractApplicationContext.invokeBeanFactoryPostProcessors(AbstractApplicationContext.java:687)
	at org.springframework.context.support.AbstractApplicationContext.refresh(AbstractApplicationContext.java:525)
	at org.springframework.boot.context.embedded.EmbeddedWebApplicationContext.refresh(EmbeddedWebApplicationContext.java:124)
	at org.springframework.boot.SpringApplication.refresh(SpringApplication.java:693)
	at org.springframework.boot.SpringApplication.refreshContext(SpringApplication.java:360)
	at org.springframework.boot.SpringApplication.run(SpringApplication.java:303)
	at org.springframework.boot.SpringApplication.run(SpringApplication.java:1118)
	at org.springframework.boot.SpringApplication.run(SpringApplication.java:1107)
	at com.example.bootadminserver.BootAdminServerApplication.main(BootAdminServerApplication.java:14)
Caused by: java.lang.NoClassDefFoundError: org/springframework/cloud/netflix/zuul/ZuulConfiguration
	at java.base/java.lang.ClassLoader.defineClass1(Native Method)
	at java.base/java.lang.ClassLoader.defineClass(ClassLoader.java:1016)
	at java.base/java.security.SecureClassLoader.defineClass(SecureClassLoader.java:174)
	at java.base/jdk.internal.loader.BuiltinClassLoader.defineClass(BuiltinClassLoader.java:802)
	at java.base/jdk.internal.loader.BuiltinClassLoader.findClassOnClassPathOrNull(BuiltinClassLoader.java:700)
	at java.base/jdk.internal.loader.BuiltinClassLoader.loadClassOrNull(BuiltinClassLoader.java:623)
	at java.base/jdk.internal.loader.BuiltinClassLoader.loadClass(BuiltinClassLoader.java:581)
	at java.base/jdk.internal.loader.ClassLoaders$AppClassLoader.loadClass(ClassLoaders.java:178)
	at java.base/java.lang.ClassLoader.loadClass(ClassLoader.java:521)
	at de.codecentric.boot.admin.config.AdminServerImportSelector.selectImports(AdminServerImportSelector.java:31)
	at org.springframework.context.annotation.ConfigurationClassParser.processDeferredImportSelectors(ConfigurationClassParser.java:552)
	... 14 common frames omitted
Caused by: java.lang.ClassNotFoundException: org.springframework.cloud.netflix.zuul.ZuulConfiguration
	at java.base/jdk.internal.loader.BuiltinClassLoader.loadClass(BuiltinClassLoader.java:583)
	at java.base/jdk.internal.loader.ClassLoaders$AppClassLoader.loadClass(ClassLoaders.java:178)
	at java.base/java.lang.ClassLoader.loadClass(ClassLoader.java:521)
	... 25 common frames omitted

2019-04-02 22:46:33.696  INFO 6052 --- [main] c.e.b.BootAdminServerApplication         : No active profile set, falling back to default profiles: default
2019-04-02 22:46:33.712  INFO 6052 --- [main] ationConfigEmbeddedWebApplicationContext : Refreshing org.springframework.boot.context.embedded.AnnotationConfigEmbeddedWebApplicationContext@f4cfd90: startup date [Tue Apr 02 22:46:33 CST 2019]; parent: org.springframework.context.annotation.AnnotationConfigApplicationContext@1080b026
2019-04-02 22:46:33.969  WARN 6052 --- [main] ationConfigEmbeddedWebApplicationContext : Exception encountered during context initialization - cancelling refresh attempt: org.springframework.beans.factory.BeanDefinitionStoreException: Failed to process import candidates for configuration class [com.example.bootadminserver.BootAdminServerApplication]; nested exception is java.lang.NoClassDefFoundError: org/springframework/cloud/netflix/zuul/ZuulConfiguration
2019-04-02 22:46:33.969  INFO 6052 --- [main] utoConfigurationReportLoggingInitializer : 

Error starting ApplicationContext. To display the auto-configuration report re-run your application with 'debug' enabled.
2019-04-02 22:46:33.985 ERROR 6052 --- [main] o.s.boot.SpringApplication               : Application startup failed

org.springframework.beans.factory.BeanDefinitionStoreException: Failed to process import candidates for configuration class [com.example.bootadminserver.BootAdminServerApplication]; nested exception is java.lang.NoClassDefFoundError: org/springframework/cloud/netflix/zuul/ZuulConfiguration
	at org.springframework.context.annotation.ConfigurationClassParser.processDeferredImportSelectors(ConfigurationClassParser.java:561)
	at org.springframework.context.annotation.ConfigurationClassParser.parse(ConfigurationClassParser.java:187)
	at org.springframework.context.annotation.ConfigurationClassPostProcessor.processConfigBeanDefinitions(ConfigurationClassPostProcessor.java:308)
	at org.springframework.context.annotation.ConfigurationClassPostProcessor.postProcessBeanDefinitionRegistry(ConfigurationClassPostProcessor.java:228)
	at org.springframework.context.support.PostProcessorRegistrationDelegate.invokeBeanDefinitionRegistryPostProcessors(PostProcessorRegistrationDelegate.java:272)
	at org.springframework.context.support.PostProcessorRegistrationDelegate.invokeBeanFactoryPostProcessors(PostProcessorRegistrationDelegate.java:92)
	at org.springframework.context.support.AbstractApplicationContext.invokeBeanFactoryPostProcessors(AbstractApplicationContext.java:687)
	at org.springframework.context.support.AbstractApplicationContext.refresh(AbstractApplicationContext.java:525)
	at org.springframework.boot.context.embedded.EmbeddedWebApplicationContext.refresh(EmbeddedWebApplicationContext.java:124)
	at org.springframework.boot.SpringApplication.refresh(SpringApplication.java:693)
	at org.springframework.boot.SpringApplication.refreshContext(SpringApplication.java:360)
	at org.springframework.boot.SpringApplication.run(SpringApplication.java:303)
	at org.springframework.boot.SpringApplication.run(SpringApplication.java:1118)
	at org.springframework.boot.SpringApplication.run(SpringApplication.java:1107)
	at com.example.bootadminserver.BootAdminServerApplication.main(BootAdminServerApplication.java:14)
Caused by: java.lang.NoClassDefFoundError: org/springframework/cloud/netflix/zuul/ZuulConfiguration
	at java.base/java.lang.ClassLoader.defineClass1(Native Method)
	at java.base/java.lang.ClassLoader.defineClass(ClassLoader.java:1016)
	at java.base/java.security.SecureClassLoader.defineClass(SecureClassLoader.java:174)
	at java.base/jdk.internal.loader.BuiltinClassLoader.defineClass(BuiltinClassLoader.java:802)
	at java.base/jdk.internal.loader.BuiltinClassLoader.findClassOnClassPathOrNull(BuiltinClassLoader.java:700)
	at java.base/jdk.internal.loader.BuiltinClassLoader.loadClassOrNull(BuiltinClassLoader.java:623)
	at java.base/jdk.internal.loader.BuiltinClassLoader.loadClass(BuiltinClassLoader.java:581)
	at java.base/jdk.internal.loader.ClassLoaders$AppClassLoader.loadClass(ClassLoaders.java:178)
	at java.base/java.lang.ClassLoader.loadClass(ClassLoader.java:521)
	at de.codecentric.boot.admin.config.AdminServerImportSelector.selectImports(AdminServerImportSelector.java:31)
	at org.springframework.context.annotation.ConfigurationClassParser.processDeferredImportSelectors(ConfigurationClassParser.java:552)
	... 14 common frames omitted
Caused by: java.lang.ClassNotFoundException: org.springframework.cloud.netflix.zuul.ZuulConfiguration
	at java.base/jdk.internal.loader.BuiltinClassLoader.loadClass(BuiltinClassLoader.java:583)
	at java.base/jdk.internal.loader.ClassLoaders$AppClassLoader.loadClass(ClassLoaders.java:178)
	at java.base/java.lang.ClassLoader.loadClass(ClassLoader.java:521)
	... 25 common frames omitted

2019-04-02 22:56:28.467  INFO 1904 --- [main] c.e.b.BootAdminServerApplication         : No active profile set, falling back to default profiles: default
2019-04-02 22:56:28.484  INFO 1904 --- [main] ationConfigEmbeddedWebApplicationContext : Refreshing org.springframework.boot.context.embedded.AnnotationConfigEmbeddedWebApplicationContext@6401d0a0: startup date [Tue Apr 02 22:56:28 CST 2019]; parent: org.springframework.context.annotation.AnnotationConfigApplicationContext@3542162a
2019-04-02 22:56:28.859  WARN 1904 --- [main] ationConfigEmbeddedWebApplicationContext : Exception encountered during context initialization - cancelling refresh attempt: org.springframework.beans.factory.BeanDefinitionStoreException: Failed to process import candidates for configuration class [com.example.bootadminserver.BootAdminServerApplication]; nested exception is java.lang.NoClassDefFoundError: org/springframework/cloud/netflix/zuul/ZuulConfiguration
2019-04-02 22:56:28.866  INFO 1904 --- [main] utoConfigurationReportLoggingInitializer : 

Error starting ApplicationContext. To display the auto-configuration report re-run your application with 'debug' enabled.
2019-04-02 22:56:28.872 ERROR 1904 --- [main] o.s.boot.SpringApplication               : Application startup failed

org.springframework.beans.factory.BeanDefinitionStoreException: Failed to process import candidates for configuration class [com.example.bootadminserver.BootAdminServerApplication]; nested exception is java.lang.NoClassDefFoundError: org/springframework/cloud/netflix/zuul/ZuulConfiguration
	at org.springframework.context.annotation.ConfigurationClassParser.processDeferredImportSelectors(ConfigurationClassParser.java:561)
	at org.springframework.context.annotation.ConfigurationClassParser.parse(ConfigurationClassParser.java:187)
	at org.springframework.context.annotation.ConfigurationClassPostProcessor.processConfigBeanDefinitions(ConfigurationClassPostProcessor.java:308)
	at org.springframework.context.annotation.ConfigurationClassPostProcessor.postProcessBeanDefinitionRegistry(ConfigurationClassPostProcessor.java:228)
	at org.springframework.context.support.PostProcessorRegistrationDelegate.invokeBeanDefinitionRegistryPostProcessors(PostProcessorRegistrationDelegate.java:272)
	at org.springframework.context.support.PostProcessorRegistrationDelegate.invokeBeanFactoryPostProcessors(PostProcessorRegistrationDelegate.java:92)
	at org.springframework.context.support.AbstractApplicationContext.invokeBeanFactoryPostProcessors(AbstractApplicationContext.java:687)
	at org.springframework.context.support.AbstractApplicationContext.refresh(AbstractApplicationContext.java:525)
	at org.springframework.boot.context.embedded.EmbeddedWebApplicationContext.refresh(EmbeddedWebApplicationContext.java:124)
	at org.springframework.boot.SpringApplication.refresh(SpringApplication.java:693)
	at org.springframework.boot.SpringApplication.refreshContext(SpringApplication.java:360)
	at org.springframework.boot.SpringApplication.run(SpringApplication.java:303)
	at org.springframework.boot.SpringApplication.run(SpringApplication.java:1118)
	at org.springframework.boot.SpringApplication.run(SpringApplication.java:1107)
	at com.example.bootadminserver.BootAdminServerApplication.main(BootAdminServerApplication.java:14)
Caused by: java.lang.NoClassDefFoundError: org/springframework/cloud/netflix/zuul/ZuulConfiguration
	at java.base/java.lang.ClassLoader.defineClass1(Native Method)
	at java.base/java.lang.ClassLoader.defineClass(ClassLoader.java:1016)
	at java.base/java.security.SecureClassLoader.defineClass(SecureClassLoader.java:174)
	at java.base/jdk.internal.loader.BuiltinClassLoader.defineClass(BuiltinClassLoader.java:802)
	at java.base/jdk.internal.loader.BuiltinClassLoader.findClassOnClassPathOrNull(BuiltinClassLoader.java:700)
	at java.base/jdk.internal.loader.BuiltinClassLoader.loadClassOrNull(BuiltinClassLoader.java:623)
	at java.base/jdk.internal.loader.BuiltinClassLoader.loadClass(BuiltinClassLoader.java:581)
	at java.base/jdk.internal.loader.ClassLoaders$AppClassLoader.loadClass(ClassLoaders.java:178)
	at java.base/java.lang.ClassLoader.loadClass(ClassLoader.java:521)
	at de.codecentric.boot.admin.config.AdminServerImportSelector.selectImports(AdminServerImportSelector.java:31)
	at org.springframework.context.annotation.ConfigurationClassParser.processDeferredImportSelectors(ConfigurationClassParser.java:552)
	... 14 common frames omitted
Caused by: java.lang.ClassNotFoundException: org.springframework.cloud.netflix.zuul.ZuulConfiguration
	at java.base/jdk.internal.loader.BuiltinClassLoader.loadClass(BuiltinClassLoader.java:583)
	at java.base/jdk.internal.loader.ClassLoaders$AppClassLoader.loadClass(ClassLoaders.java:178)
	at java.base/java.lang.ClassLoader.loadClass(ClassLoader.java:521)
	... 25 common frames omitted

2019-04-02 23:02:54.115  INFO 14180 --- [main] c.e.b.BootAdminServerApplication         : No active profile set, falling back to default profiles: default
2019-04-02 23:02:54.142  INFO 14180 --- [main] ationConfigEmbeddedWebApplicationContext : Refreshing org.springframework.boot.context.embedded.AnnotationConfigEmbeddedWebApplicationContext@8ff5094: startup date [Tue Apr 02 23:02:54 CST 2019]; parent: org.springframework.context.annotation.AnnotationConfigApplicationContext@3542162a
2019-04-02 23:02:54.508  WARN 14180 --- [main] ationConfigEmbeddedWebApplicationContext : Exception encountered during context initialization - cancelling refresh attempt: org.springframework.beans.factory.BeanDefinitionStoreException: Failed to process import candidates for configuration class [com.example.bootadminserver.BootAdminServerApplication]; nested exception is java.lang.NoClassDefFoundError: org/springframework/cloud/netflix/zuul/ZuulConfiguration
2019-04-02 23:02:54.510  INFO 14180 --- [main] utoConfigurationReportLoggingInitializer : 

Error starting ApplicationContext. To display the auto-configuration report re-run your application with 'debug' enabled.
2019-04-02 23:02:54.510 ERROR 14180 --- [main] o.s.boot.SpringApplication               : Application startup failed

org.springframework.beans.factory.BeanDefinitionStoreException: Failed to process import candidates for configuration class [com.example.bootadminserver.BootAdminServerApplication]; nested exception is java.lang.NoClassDefFoundError: org/springframework/cloud/netflix/zuul/ZuulConfiguration
	at org.springframework.context.annotation.ConfigurationClassParser.processDeferredImportSelectors(ConfigurationClassParser.java:561)
	at org.springframework.context.annotation.ConfigurationClassParser.parse(ConfigurationClassParser.java:187)
	at org.springframework.context.annotation.ConfigurationClassPostProcessor.processConfigBeanDefinitions(ConfigurationClassPostProcessor.java:308)
	at org.springframework.context.annotation.ConfigurationClassPostProcessor.postProcessBeanDefinitionRegistry(ConfigurationClassPostProcessor.java:228)
	at org.springframework.context.support.PostProcessorRegistrationDelegate.invokeBeanDefinitionRegistryPostProcessors(PostProcessorRegistrationDelegate.java:272)
	at org.springframework.context.support.PostProcessorRegistrationDelegate.invokeBeanFactoryPostProcessors(PostProcessorRegistrationDelegate.java:92)
	at org.springframework.context.support.AbstractApplicationContext.invokeBeanFactoryPostProcessors(AbstractApplicationContext.java:687)
	at org.springframework.context.support.AbstractApplicationContext.refresh(AbstractApplicationContext.java:525)
	at org.springframework.boot.context.embedded.EmbeddedWebApplicationContext.refresh(EmbeddedWebApplicationContext.java:124)
	at org.springframework.boot.SpringApplication.refresh(SpringApplication.java:693)
	at org.springframework.boot.SpringApplication.refreshContext(SpringApplication.java:360)
	at org.springframework.boot.SpringApplication.run(SpringApplication.java:303)
	at org.springframework.boot.SpringApplication.run(SpringApplication.java:1118)
	at org.springframework.boot.SpringApplication.run(SpringApplication.java:1107)
	at com.example.bootadminserver.BootAdminServerApplication.main(BootAdminServerApplication.java:14)
Caused by: java.lang.NoClassDefFoundError: org/springframework/cloud/netflix/zuul/ZuulConfiguration
	at java.base/java.lang.ClassLoader.defineClass1(Native Method)
	at java.base/java.lang.ClassLoader.defineClass(ClassLoader.java:1016)
	at java.base/java.security.SecureClassLoader.defineClass(SecureClassLoader.java:174)
	at java.base/jdk.internal.loader.BuiltinClassLoader.defineClass(BuiltinClassLoader.java:802)
	at java.base/jdk.internal.loader.BuiltinClassLoader.findClassOnClassPathOrNull(BuiltinClassLoader.java:700)
	at java.base/jdk.internal.loader.BuiltinClassLoader.loadClassOrNull(BuiltinClassLoader.java:623)
	at java.base/jdk.internal.loader.BuiltinClassLoader.loadClass(BuiltinClassLoader.java:581)
	at java.base/jdk.internal.loader.ClassLoaders$AppClassLoader.loadClass(ClassLoaders.java:178)
	at java.base/java.lang.ClassLoader.loadClass(ClassLoader.java:521)
	at de.codecentric.boot.admin.config.AdminServerImportSelector.selectImports(AdminServerImportSelector.java:31)
	at org.springframework.context.annotation.ConfigurationClassParser.processDeferredImportSelectors(ConfigurationClassParser.java:552)
	... 14 common frames omitted
Caused by: java.lang.ClassNotFoundException: org.springframework.cloud.netflix.zuul.ZuulConfiguration
	at java.base/jdk.internal.loader.BuiltinClassLoader.loadClass(BuiltinClassLoader.java:583)
	at java.base/jdk.internal.loader.ClassLoaders$AppClassLoader.loadClass(ClassLoaders.java:178)
	at java.base/java.lang.ClassLoader.loadClass(ClassLoader.java:521)
	... 25 common frames omitted

2019-04-02 23:03:03.037  INFO 13876 --- [main] c.e.b.BootAdminServerApplication         : No active profile set, falling back to default profiles: default
2019-04-02 23:03:03.053  INFO 13876 --- [main] ationConfigEmbeddedWebApplicationContext : Refreshing org.springframework.boot.context.embedded.AnnotationConfigEmbeddedWebApplicationContext@ad9e63e: startup date [Tue Apr 02 23:03:03 CST 2019]; parent: org.springframework.context.annotation.AnnotationConfigApplicationContext@7fc44dec
2019-04-02 23:03:03.476  WARN 13876 --- [main] ationConfigEmbeddedWebApplicationContext : Exception encountered during context initialization - cancelling refresh attempt: org.springframework.beans.factory.BeanDefinitionStoreException: Failed to process import candidates for configuration class [com.example.bootadminserver.BootAdminServerApplication]; nested exception is java.lang.NoClassDefFoundError: org/springframework/cloud/netflix/zuul/ZuulConfiguration
2019-04-02 23:03:03.476  INFO 13876 --- [main] utoConfigurationReportLoggingInitializer : 

Error starting ApplicationContext. To display the auto-configuration report re-run your application with 'debug' enabled.
2019-04-02 23:03:03.476 ERROR 13876 --- [main] o.s.boot.SpringApplication               : Application startup failed

org.springframework.beans.factory.BeanDefinitionStoreException: Failed to process import candidates for configuration class [com.example.bootadminserver.BootAdminServerApplication]; nested exception is java.lang.NoClassDefFoundError: org/springframework/cloud/netflix/zuul/ZuulConfiguration
	at org.springframework.context.annotation.ConfigurationClassParser.processDeferredImportSelectors(ConfigurationClassParser.java:561)
	at org.springframework.context.annotation.ConfigurationClassParser.parse(ConfigurationClassParser.java:187)
	at org.springframework.context.annotation.ConfigurationClassPostProcessor.processConfigBeanDefinitions(ConfigurationClassPostProcessor.java:308)
	at org.springframework.context.annotation.ConfigurationClassPostProcessor.postProcessBeanDefinitionRegistry(ConfigurationClassPostProcessor.java:228)
	at org.springframework.context.support.PostProcessorRegistrationDelegate.invokeBeanDefinitionRegistryPostProcessors(PostProcessorRegistrationDelegate.java:272)
	at org.springframework.context.support.PostProcessorRegistrationDelegate.invokeBeanFactoryPostProcessors(PostProcessorRegistrationDelegate.java:92)
	at org.springframework.context.support.AbstractApplicationContext.invokeBeanFactoryPostProcessors(AbstractApplicationContext.java:687)
	at org.springframework.context.support.AbstractApplicationContext.refresh(AbstractApplicationContext.java:525)
	at org.springframework.boot.context.embedded.EmbeddedWebApplicationContext.refresh(EmbeddedWebApplicationContext.java:124)
	at org.springframework.boot.SpringApplication.refresh(SpringApplication.java:693)
	at org.springframework.boot.SpringApplication.refreshContext(SpringApplication.java:360)
	at org.springframework.boot.SpringApplication.run(SpringApplication.java:303)
	at org.springframework.boot.SpringApplication.run(SpringApplication.java:1118)
	at org.springframework.boot.SpringApplication.run(SpringApplication.java:1107)
	at com.example.bootadminserver.BootAdminServerApplication.main(BootAdminServerApplication.java:14)
Caused by: java.lang.NoClassDefFoundError: org/springframework/cloud/netflix/zuul/ZuulConfiguration
	at java.base/java.lang.ClassLoader.defineClass1(Native Method)
	at java.base/java.lang.ClassLoader.defineClass(ClassLoader.java:1016)
	at java.base/java.security.SecureClassLoader.defineClass(SecureClassLoader.java:174)
	at java.base/jdk.internal.loader.BuiltinClassLoader.defineClass(BuiltinClassLoader.java:802)
	at java.base/jdk.internal.loader.BuiltinClassLoader.findClassOnClassPathOrNull(BuiltinClassLoader.java:700)
	at java.base/jdk.internal.loader.BuiltinClassLoader.loadClassOrNull(BuiltinClassLoader.java:623)
	at java.base/jdk.internal.loader.BuiltinClassLoader.loadClass(BuiltinClassLoader.java:581)
	at java.base/jdk.internal.loader.ClassLoaders$AppClassLoader.loadClass(ClassLoaders.java:178)
	at java.base/java.lang.ClassLoader.loadClass(ClassLoader.java:521)
	at de.codecentric.boot.admin.config.AdminServerImportSelector.selectImports(AdminServerImportSelector.java:31)
	at org.springframework.context.annotation.ConfigurationClassParser.processDeferredImportSelectors(ConfigurationClassParser.java:552)
	... 14 common frames omitted
Caused by: java.lang.ClassNotFoundException: org.springframework.cloud.netflix.zuul.ZuulConfiguration
	at java.base/jdk.internal.loader.BuiltinClassLoader.loadClass(BuiltinClassLoader.java:583)
	at java.base/jdk.internal.loader.ClassLoaders$AppClassLoader.loadClass(ClassLoaders.java:178)
	at java.base/java.lang.ClassLoader.loadClass(ClassLoader.java:521)
	... 25 common frames omitted

2019-04-02 23:05:28.023  INFO 252 --- [main] c.e.b.BootAdminServerApplication         : No active profile set, falling back to default profiles: default
2019-04-02 23:05:28.038  INFO 252 --- [main] ationConfigEmbeddedWebApplicationContext : Refreshing org.springframework.boot.context.embedded.AnnotationConfigEmbeddedWebApplicationContext@8ff5094: startup date [Tue Apr 02 23:05:28 CST 2019]; parent: org.springframework.context.annotation.AnnotationConfigApplicationContext@3542162a
2019-04-02 23:05:28.391  WARN 252 --- [main] ationConfigEmbeddedWebApplicationContext : Exception encountered during context initialization - cancelling refresh attempt: org.springframework.beans.factory.BeanDefinitionStoreException: Failed to process import candidates for configuration class [com.example.bootadminserver.BootAdminServerApplication]; nested exception is java.lang.NoClassDefFoundError: org/springframework/cloud/netflix/zuul/ZuulConfiguration
2019-04-02 23:05:28.397  INFO 252 --- [main] utoConfigurationReportLoggingInitializer : 

Error starting ApplicationContext. To display the auto-configuration report re-run your application with 'debug' enabled.
2019-04-02 23:05:28.397 ERROR 252 --- [main] o.s.boot.SpringApplication               : Application startup failed

org.springframework.beans.factory.BeanDefinitionStoreException: Failed to process import candidates for configuration class [com.example.bootadminserver.BootAdminServerApplication]; nested exception is java.lang.NoClassDefFoundError: org/springframework/cloud/netflix/zuul/ZuulConfiguration
	at org.springframework.context.annotation.ConfigurationClassParser.processDeferredImportSelectors(ConfigurationClassParser.java:561)
	at org.springframework.context.annotation.ConfigurationClassParser.parse(ConfigurationClassParser.java:187)
	at org.springframework.context.annotation.ConfigurationClassPostProcessor.processConfigBeanDefinitions(ConfigurationClassPostProcessor.java:308)
	at org.springframework.context.annotation.ConfigurationClassPostProcessor.postProcessBeanDefinitionRegistry(ConfigurationClassPostProcessor.java:228)
	at org.springframework.context.support.PostProcessorRegistrationDelegate.invokeBeanDefinitionRegistryPostProcessors(PostProcessorRegistrationDelegate.java:272)
	at org.springframework.context.support.PostProcessorRegistrationDelegate.invokeBeanFactoryPostProcessors(PostProcessorRegistrationDelegate.java:92)
	at org.springframework.context.support.AbstractApplicationContext.invokeBeanFactoryPostProcessors(AbstractApplicationContext.java:687)
	at org.springframework.context.support.AbstractApplicationContext.refresh(AbstractApplicationContext.java:525)
	at org.springframework.boot.context.embedded.EmbeddedWebApplicationContext.refresh(EmbeddedWebApplicationContext.java:124)
	at org.springframework.boot.SpringApplication.refresh(SpringApplication.java:693)
	at org.springframework.boot.SpringApplication.refreshContext(SpringApplication.java:360)
	at org.springframework.boot.SpringApplication.run(SpringApplication.java:303)
	at org.springframework.boot.SpringApplication.run(SpringApplication.java:1118)
	at org.springframework.boot.SpringApplication.run(SpringApplication.java:1107)
	at com.example.bootadminserver.BootAdminServerApplication.main(BootAdminServerApplication.java:14)
Caused by: java.lang.NoClassDefFoundError: org/springframework/cloud/netflix/zuul/ZuulConfiguration
	at java.base/java.lang.ClassLoader.defineClass1(Native Method)
	at java.base/java.lang.ClassLoader.defineClass(ClassLoader.java:1016)
	at java.base/java.security.SecureClassLoader.defineClass(SecureClassLoader.java:174)
	at java.base/jdk.internal.loader.BuiltinClassLoader.defineClass(BuiltinClassLoader.java:802)
	at java.base/jdk.internal.loader.BuiltinClassLoader.findClassOnClassPathOrNull(BuiltinClassLoader.java:700)
	at java.base/jdk.internal.loader.BuiltinClassLoader.loadClassOrNull(BuiltinClassLoader.java:623)
	at java.base/jdk.internal.loader.BuiltinClassLoader.loadClass(BuiltinClassLoader.java:581)
	at java.base/jdk.internal.loader.ClassLoaders$AppClassLoader.loadClass(ClassLoaders.java:178)
	at java.base/java.lang.ClassLoader.loadClass(ClassLoader.java:521)
	at de.codecentric.boot.admin.config.AdminServerImportSelector.selectImports(AdminServerImportSelector.java:31)
	at org.springframework.context.annotation.ConfigurationClassParser.processDeferredImportSelectors(ConfigurationClassParser.java:552)
	... 14 common frames omitted
Caused by: java.lang.ClassNotFoundException: org.springframework.cloud.netflix.zuul.ZuulConfiguration
	at java.base/jdk.internal.loader.BuiltinClassLoader.loadClass(BuiltinClassLoader.java:583)
	at java.base/jdk.internal.loader.ClassLoaders$AppClassLoader.loadClass(ClassLoaders.java:178)
	at java.base/java.lang.ClassLoader.loadClass(ClassLoader.java:521)
	... 25 common frames omitted

2019-04-02 23:12:45.354  INFO 2724 --- [main] c.e.b.BootAdminServerApplication         : No active profile set, falling back to default profiles: default
2019-04-02 23:12:45.381  INFO 2724 --- [main] ationConfigEmbeddedWebApplicationContext : Refreshing org.springframework.boot.context.embedded.AnnotationConfigEmbeddedWebApplicationContext@58e92c23: startup date [Tue Apr 02 23:12:45 CST 2019]; parent: org.springframework.context.annotation.AnnotationConfigApplicationContext@3542162a
2019-04-02 23:12:45.761  WARN 2724 --- [main] ationConfigEmbeddedWebApplicationContext : Exception encountered during context initialization - cancelling refresh attempt: org.springframework.beans.factory.BeanDefinitionStoreException: Failed to process import candidates for configuration class [com.example.bootadminserver.BootAdminServerApplication]; nested exception is java.lang.NoClassDefFoundError: org/springframework/cloud/netflix/zuul/ZuulConfiguration
2019-04-02 23:12:45.771  INFO 2724 --- [main] utoConfigurationReportLoggingInitializer : 

Error starting ApplicationContext. To display the auto-configuration report re-run your application with 'debug' enabled.
2019-04-02 23:12:45.775 ERROR 2724 --- [main] o.s.boot.SpringApplication               : Application startup failed

org.springframework.beans.factory.BeanDefinitionStoreException: Failed to process import candidates for configuration class [com.example.bootadminserver.BootAdminServerApplication]; nested exception is java.lang.NoClassDefFoundError: org/springframework/cloud/netflix/zuul/ZuulConfiguration
	at org.springframework.context.annotation.ConfigurationClassParser.processDeferredImportSelectors(ConfigurationClassParser.java:561)
	at org.springframework.context.annotation.ConfigurationClassParser.parse(ConfigurationClassParser.java:187)
	at org.springframework.context.annotation.ConfigurationClassPostProcessor.processConfigBeanDefinitions(ConfigurationClassPostProcessor.java:308)
	at org.springframework.context.annotation.ConfigurationClassPostProcessor.postProcessBeanDefinitionRegistry(ConfigurationClassPostProcessor.java:228)
	at org.springframework.context.support.PostProcessorRegistrationDelegate.invokeBeanDefinitionRegistryPostProcessors(PostProcessorRegistrationDelegate.java:272)
	at org.springframework.context.support.PostProcessorRegistrationDelegate.invokeBeanFactoryPostProcessors(PostProcessorRegistrationDelegate.java:92)
	at org.springframework.context.support.AbstractApplicationContext.invokeBeanFactoryPostProcessors(AbstractApplicationContext.java:687)
	at org.springframework.context.support.AbstractApplicationContext.refresh(AbstractApplicationContext.java:525)
	at org.springframework.boot.context.embedded.EmbeddedWebApplicationContext.refresh(EmbeddedWebApplicationContext.java:124)
	at org.springframework.boot.SpringApplication.refresh(SpringApplication.java:693)
	at org.springframework.boot.SpringApplication.refreshContext(SpringApplication.java:360)
	at org.springframework.boot.SpringApplication.run(SpringApplication.java:303)
	at org.springframework.boot.SpringApplication.run(SpringApplication.java:1118)
	at org.springframework.boot.SpringApplication.run(SpringApplication.java:1107)
	at com.example.bootadminserver.BootAdminServerApplication.main(BootAdminServerApplication.java:14)
Caused by: java.lang.NoClassDefFoundError: org/springframework/cloud/netflix/zuul/ZuulConfiguration
	at java.base/java.lang.ClassLoader.defineClass1(Native Method)
	at java.base/java.lang.ClassLoader.defineClass(ClassLoader.java:1016)
	at java.base/java.security.SecureClassLoader.defineClass(SecureClassLoader.java:174)
	at java.base/jdk.internal.loader.BuiltinClassLoader.defineClass(BuiltinClassLoader.java:802)
	at java.base/jdk.internal.loader.BuiltinClassLoader.findClassOnClassPathOrNull(BuiltinClassLoader.java:700)
	at java.base/jdk.internal.loader.BuiltinClassLoader.loadClassOrNull(BuiltinClassLoader.java:623)
	at java.base/jdk.internal.loader.BuiltinClassLoader.loadClass(BuiltinClassLoader.java:581)
	at java.base/jdk.internal.loader.ClassLoaders$AppClassLoader.loadClass(ClassLoaders.java:178)
	at java.base/java.lang.ClassLoader.loadClass(ClassLoader.java:521)
	at de.codecentric.boot.admin.config.AdminServerImportSelector.selectImports(AdminServerImportSelector.java:31)
	at org.springframework.context.annotation.ConfigurationClassParser.processDeferredImportSelectors(ConfigurationClassParser.java:552)
	... 14 common frames omitted
Caused by: java.lang.ClassNotFoundException: org.springframework.cloud.netflix.zuul.ZuulConfiguration
	at java.base/jdk.internal.loader.BuiltinClassLoader.loadClass(BuiltinClassLoader.java:583)
	at java.base/jdk.internal.loader.ClassLoaders$AppClassLoader.loadClass(ClassLoaders.java:178)
	at java.base/java.lang.ClassLoader.loadClass(ClassLoader.java:521)
	... 25 common frames omitted

2019-04-02 23:33:16.319  INFO 13752 --- [main] c.e.b.BootAdminServerApplication         : No active profile set, falling back to default profiles: default
2019-04-02 23:33:16.334  INFO 13752 --- [main] ationConfigEmbeddedWebApplicationContext : Refreshing org.springframework.boot.context.embedded.AnnotationConfigEmbeddedWebApplicationContext@3e7545e8: startup date [Tue Apr 02 23:33:16 CST 2019]; parent: org.springframework.context.annotation.AnnotationConfigApplicationContext@698122b2
2019-04-02 23:33:17.027  INFO 13752 --- [main] o.s.b.f.s.DefaultListableBeanFactory     : Overriding bean definition for bean 'counterFactory' with a different definition: replacing [Root bean: class [null]; scope=; abstract=false; lazyInit=false; autowireMode=3; dependencyCheck=0; autowireCandidate=true; primary=false; factoryBeanName=org.springframework.cloud.netflix.zuul.ZuulServerAutoConfiguration$ZuulMetricsConfiguration; factoryMethodName=counterFactory; initMethodName=null; destroyMethodName=(inferred); defined in class path resource [org/springframework/cloud/netflix/zuul/ZuulServerAutoConfiguration$ZuulMetricsConfiguration.class]] with [Root bean: class [null]; scope=; abstract=false; lazyInit=false; autowireMode=3; dependencyCheck=0; autowireCandidate=true; primary=false; factoryBeanName=org.springframework.cloud.netflix.zuul.ZuulServerAutoConfiguration$ZuulCounterFactoryConfiguration; factoryMethodName=counterFactory; initMethodName=null; destroyMethodName=(inferred); defined in class path resource [org/springframework/cloud/netflix/zuul/ZuulServerAutoConfiguration$ZuulCounterFactoryConfiguration.class]]
2019-04-02 23:33:17.090  INFO 13752 --- [main] o.s.b.f.s.DefaultListableBeanFactory     : Overriding bean definition for bean 'zuulRefreshRoutesListener' with a different definition: replacing [Root bean: class [null]; scope=; abstract=false; lazyInit=false; autowireMode=3; dependencyCheck=0; autowireCandidate=true; primary=false; factoryBeanName=org.springframework.cloud.netflix.zuul.ZuulServerAutoConfiguration; factoryMethodName=zuulRefreshRoutesListener; initMethodName=null; destroyMethodName=(inferred); defined in class path resource [org/springframework/cloud/netflix/zuul/ZuulServerAutoConfiguration.class]] with [Root bean: class [null]; scope=; abstract=false; lazyInit=false; autowireMode=3; dependencyCheck=0; autowireCandidate=true; primary=false; factoryBeanName=de.codecentric.boot.admin.config.RevereseZuulProxyConfiguration; factoryMethodName=zuulRefreshRoutesListener; initMethodName=null; destroyMethodName=(inferred); defined in class path resource [de/codecentric/boot/admin/config/RevereseZuulProxyConfiguration.class]]
2019-04-02 23:33:17.342  INFO 13752 --- [main] o.s.cloud.context.scope.GenericScope     : BeanFactory id=149dd8ff-d377-3ac1-a790-96eb2d377074
2019-04-02 23:33:17.365  INFO 13752 --- [main] f.a.AutowiredAnnotationBeanPostProcessor : JSR-330 'javax.inject.Inject' annotation found and supported for autowiring
2019-04-02 23:33:17.413  INFO 13752 --- [main] trationDelegate$BeanPostProcessorChecker : Bean 'org.springframework.cloud.autoconfigure.ConfigurationPropertiesRebinderAutoConfiguration' of type [org.springframework.cloud.autoconfigure.ConfigurationPropertiesRebinderAutoConfiguration$$EnhancerBySpringCGLIB$$2d2e4f87] is not eligible for getting processed by all BeanPostProcessors (for example: not eligible for auto-proxying)
2019-04-02 23:33:18.064  INFO 13752 --- [main] s.b.c.e.t.TomcatEmbeddedServletContainer : Tomcat initialized with port(s): 5000 (http)
2019-04-02 23:33:18.103  INFO 13752 --- [main] o.apache.catalina.core.StandardService   : Starting service [Tomcat]
2019-04-02 23:33:18.103  INFO 13752 --- [main] org.apache.catalina.core.StandardEngine  : Starting Servlet Engine: Apache Tomcat/8.5.37
2019-04-02 23:33:18.370  INFO 13752 --- [localhost-startStop-1] o.a.c.c.C.[Tomcat].[localhost].[/]       : Initializing Spring embedded WebApplicationContext
2019-04-02 23:33:18.371  INFO 13752 --- [localhost-startStop-1] o.s.web.context.ContextLoader            : Root WebApplicationContext: initialization completed in 2037 ms
2019-04-02 23:33:18.699  INFO 13752 --- [localhost-startStop-1] o.s.b.w.servlet.ServletRegistrationBean  : Mapping servlet: 'dispatcherServlet' to [/]
2019-04-02 23:33:18.699  INFO 13752 --- [localhost-startStop-1] o.s.b.w.servlet.ServletRegistrationBean  : Mapping servlet: 'zuulServlet' to [/zuul/*]
2019-04-02 23:33:18.699  INFO 13752 --- [localhost-startStop-1] o.s.b.w.servlet.FilterRegistrationBean   : Mapping filter: 'metricsFilter' to: [/*]
2019-04-02 23:33:18.699  INFO 13752 --- [localhost-startStop-1] o.s.b.w.servlet.FilterRegistrationBean   : Mapping filter: 'characterEncodingFilter' to: [/*]
2019-04-02 23:33:18.699  INFO 13752 --- [localhost-startStop-1] o.s.b.w.servlet.FilterRegistrationBean   : Mapping filter: 'hiddenHttpMethodFilter' to: [/*]
2019-04-02 23:33:18.699  INFO 13752 --- [localhost-startStop-1] o.s.b.w.servlet.FilterRegistrationBean   : Mapping filter: 'httpPutFormContentFilter' to: [/*]
2019-04-02 23:33:18.699  INFO 13752 --- [localhost-startStop-1] o.s.b.w.servlet.FilterRegistrationBean   : Mapping filter: 'requestContextFilter' to: [/*]
2019-04-02 23:33:18.699  INFO 13752 --- [localhost-startStop-1] o.s.b.w.servlet.FilterRegistrationBean   : Mapping filter: 'webRequestLoggingFilter' to: [/*]
2019-04-02 23:33:18.699  INFO 13752 --- [localhost-startStop-1] o.s.b.w.servlet.FilterRegistrationBean   : Mapping filter: 'applicationContextIdFilter' to: [/*]
2019-04-02 23:33:18.933  WARN 13752 --- [main] c.n.c.sources.URLConfigurationSource     : No URLs will be polled as dynamic configuration sources.
2019-04-02 23:33:18.933  INFO 13752 --- [main] c.n.c.sources.URLConfigurationSource     : To enable URLs as dynamic configuration sources, define System property archaius.configurationSource.additionalUrls or make config.properties available on classpath.
2019-04-02 23:33:18.954  WARN 13752 --- [main] c.n.c.sources.URLConfigurationSource     : No URLs will be polled as dynamic configuration sources.
2019-04-02 23:33:18.954  INFO 13752 --- [main] c.n.c.sources.URLConfigurationSource     : To enable URLs as dynamic configuration sources, define System property archaius.configurationSource.additionalUrls or make config.properties available on classpath.
2019-04-02 23:33:19.395  INFO 13752 --- [main] o.a.c.c.C.[Tomcat].[localhost].[/]       : jolokia: No access restrictor found, access to any MBean is allowed
2019-04-02 23:33:19.712  INFO 13752 --- [main] s.w.s.m.m.a.RequestMappingHandlerAdapter : Looking for @ControllerAdvice: org.springframework.boot.context.embedded.AnnotationConfigEmbeddedWebApplicationContext@3e7545e8: startup date [Tue Apr 02 23:33:16 CST 2019]; parent: org.springframework.context.annotation.AnnotationConfigApplicationContext@698122b2
2019-04-02 23:33:19.809  INFO 13752 --- [main] s.w.s.m.m.a.RequestMappingHandlerMapping : Mapped "{[/error]}" onto public org.springframework.http.ResponseEntity<java.util.Map<java.lang.String, java.lang.Object>> org.springframework.boot.autoconfigure.web.BasicErrorController.error(javax.servlet.http.HttpServletRequest)
2019-04-02 23:33:19.810  INFO 13752 --- [main] s.w.s.m.m.a.RequestMappingHandlerMapping : Mapped "{[/error],produces=[text/html]}" onto public org.springframework.web.servlet.ModelAndView org.springframework.boot.autoconfigure.web.BasicErrorController.errorHtml(javax.servlet.http.HttpServletRequest,javax.servlet.http.HttpServletResponse)
2019-04-02 23:33:19.810  INFO 13752 --- [main] s.w.s.m.m.a.RequestMappingHandlerMapping : Mapped "{[/api/applications/{id}],methods=[GET]}" onto public org.springframework.http.ResponseEntity<?> de.codecentric.boot.admin.registry.web.RegistryController.get(java.lang.String)
2019-04-02 23:33:19.810  INFO 13752 --- [main] s.w.s.m.m.a.RequestMappingHandlerMapping : Mapped "{[/api/applications],methods=[POST]}" onto public org.springframework.http.ResponseEntity<?> de.codecentric.boot.admin.registry.web.RegistryController.register(de.codecentric.boot.admin.model.Application,org.springframework.web.util.UriComponentsBuilder)
2019-04-02 23:33:19.810  INFO 13752 --- [main] s.w.s.m.m.a.RequestMappingHandlerMapping : Mapped "{[/api/applications/{id}],methods=[DELETE]}" onto public org.springframework.http.ResponseEntity<?> de.codecentric.boot.admin.registry.web.RegistryController.unregister(java.lang.String)
2019-04-02 23:33:19.810  INFO 13752 --- [main] s.w.s.m.m.a.RequestMappingHandlerMapping : Mapped "{[/api/applications],methods=[GET]}" onto public java.util.Collection<de.codecentric.boot.admin.model.Application> de.codecentric.boot.admin.registry.web.RegistryController.applications(java.lang.String)
2019-04-02 23:33:19.810  INFO 13752 --- [main] s.w.s.m.m.a.RequestMappingHandlerMapping : Mapped "{[/api/journal],produces=[application/json]}" onto public java.util.Collection<de.codecentric.boot.admin.event.ClientApplicationEvent> de.codecentric.boot.admin.journal.web.JournalController.getJournal()
2019-04-02 23:33:19.810  INFO 13752 --- [main] s.w.s.m.m.a.RequestMappingHandlerMapping : Mapped "{[/api/journal],produces=[text/event-stream]}" onto public org.springframework.web.servlet.mvc.method.annotation.SseEmitter de.codecentric.boot.admin.journal.web.JournalController.getJournalEvents()
2019-04-02 23:33:19.825  INFO 13752 --- [main] o.s.w.s.handler.SimpleUrlHandlerMapping  : Root mapping to handler of type [class org.springframework.web.servlet.mvc.ParameterizableViewController]
2019-04-02 23:33:19.841  WARN 13752 --- [main] o.s.w.s.r.ResourceHttpRequestHandler     : Locations list is empty. No resources will be served unless a custom ResourceResolver is configured as an alternative to PathResourceResolver.
2019-04-02 23:33:19.841  WARN 13752 --- [main] o.s.w.s.r.ResourceHttpRequestHandler     : Locations list is empty. No resources will be served unless a custom ResourceResolver is configured as an alternative to PathResourceResolver.
2019-04-02 23:33:19.857  INFO 13752 --- [main] o.s.w.s.handler.SimpleUrlHandlerMapping  : Mapped URL path [/webjars/**] onto handler of type [class org.springframework.web.servlet.resource.ResourceHttpRequestHandler]
2019-04-02 23:33:19.857  INFO 13752 --- [main] o.s.w.s.handler.SimpleUrlHandlerMapping  : Mapped URL path [/**] onto handler of type [class org.springframework.web.servlet.resource.ResourceHttpRequestHandler]
2019-04-02 23:33:19.857  INFO 13752 --- [main] o.s.w.s.handler.SimpleUrlHandlerMapping  : Mapped URL path [/all-modules.css] onto handler of type [class org.springframework.web.servlet.resource.ResourceHttpRequestHandler]
2019-04-02 23:33:19.857  INFO 13752 --- [main] o.s.w.s.handler.SimpleUrlHandlerMapping  : Mapped URL path [/all-modules.js] onto handler of type [class org.springframework.web.servlet.resource.ResourceHttpRequestHandler]
2019-04-02 23:33:19.905  INFO 13752 --- [main] o.s.w.s.handler.SimpleUrlHandlerMapping  : Mapped URL path [/**/favicon.ico] onto handler of type [class org.springframework.web.servlet.resource.ResourceHttpRequestHandler]
2019-04-02 23:33:21.413  INFO 13752 --- [main] o.s.b.a.e.mvc.EndpointHandlerMapping     : Mapped "{[/health || /health.json],methods=[GET],produces=[application/vnd.spring-boot.actuator.v1+json || application/json]}" onto public java.lang.Object org.springframework.boot.actuate.endpoint.mvc.HealthMvcEndpoint.invoke(javax.servlet.http.HttpServletRequest,java.security.Principal)
2019-04-02 23:33:21.413  INFO 13752 --- [main] o.s.b.a.e.mvc.EndpointHandlerMapping     : Mapped "{[/env],methods=[POST]}" onto public java.lang.Object org.springframework.cloud.context.environment.EnvironmentManagerMvcEndpoint.value(java.util.Map<java.lang.String, java.lang.String>)
2019-04-02 23:33:21.413  INFO 13752 --- [main] o.s.b.a.e.mvc.EndpointHandlerMapping     : Mapped "{[/env/reset],methods=[POST]}" onto public java.util.Map<java.lang.String, java.lang.Object> org.springframework.cloud.context.environment.EnvironmentManagerMvcEndpoint.reset()
2019-04-02 23:33:21.413  INFO 13752 --- [main] o.s.b.a.e.mvc.EndpointHandlerMapping     : Mapped "{[/trace || /trace.json],methods=[GET],produces=[application/vnd.spring-boot.actuator.v1+json || application/json]}" onto public java.lang.Object org.springframework.boot.actuate.endpoint.mvc.EndpointMvcAdapter.invoke()
2019-04-02 23:33:21.413  INFO 13752 --- [main] o.s.b.a.e.mvc.EndpointHandlerMapping     : Mapped "{[/info || /info.json],methods=[GET],produces=[application/vnd.spring-boot.actuator.v1+json || application/json]}" onto public java.lang.Object org.springframework.boot.actuate.endpoint.mvc.EndpointMvcAdapter.invoke()
2019-04-02 23:33:21.429  INFO 13752 --- [main] o.s.b.a.e.mvc.EndpointHandlerMapping     : Mapped "{[/env/{name:.*}],methods=[GET],produces=[application/vnd.spring-boot.actuator.v1+json || application/json]}" onto public java.lang.Object org.springframework.boot.actuate.endpoint.mvc.EnvironmentMvcEndpoint.value(java.lang.String)
2019-04-02 23:33:21.429  INFO 13752 --- [main] o.s.b.a.e.mvc.EndpointHandlerMapping     : Mapped "{[/env || /env.json],methods=[GET],produces=[application/vnd.spring-boot.actuator.v1+json || application/json]}" onto public java.lang.Object org.springframework.boot.actuate.endpoint.mvc.EndpointMvcAdapter.invoke()
2019-04-02 23:33:21.429  INFO 13752 --- [main] o.s.b.a.e.mvc.EndpointHandlerMapping     : Mapped "{[/service-registry/instance-status],methods=[POST]}" onto public org.springframework.http.ResponseEntity<?> org.springframework.cloud.client.serviceregistry.endpoint.ServiceRegistryEndpoint.setStatus(java.lang.String)
2019-04-02 23:33:21.429  INFO 13752 --- [main] o.s.b.a.e.mvc.EndpointHandlerMapping     : Mapped "{[/service-registry/instance-status],methods=[GET]}" onto public org.springframework.http.ResponseEntity org.springframework.cloud.client.serviceregistry.endpoint.ServiceRegistryEndpoint.getStatus()
2019-04-02 23:33:21.429  INFO 13752 --- [main] o.s.b.a.e.mvc.EndpointHandlerMapping     : Mapped "{[/loggers/{name:.*}],methods=[GET],produces=[application/vnd.spring-boot.actuator.v1+json || application/json]}" onto public java.lang.Object org.springframework.boot.actuate.endpoint.mvc.LoggersMvcEndpoint.get(java.lang.String)
2019-04-02 23:33:21.429  INFO 13752 --- [main] o.s.b.a.e.mvc.EndpointHandlerMapping     : Mapped "{[/loggers/{name:.*}],methods=[POST],consumes=[application/vnd.spring-boot.actuator.v1+json || application/json],produces=[application/vnd.spring-boot.actuator.v1+json || application/json]}" onto public java.lang.Object org.springframework.boot.actuate.endpoint.mvc.LoggersMvcEndpoint.set(java.lang.String,java.util.Map<java.lang.String, java.lang.String>)
2019-04-02 23:33:21.429  INFO 13752 --- [main] o.s.b.a.e.mvc.EndpointHandlerMapping     : Mapped "{[/loggers || /loggers.json],methods=[GET],produces=[application/vnd.spring-boot.actuator.v1+json || application/json]}" onto public java.lang.Object org.springframework.boot.actuate.endpoint.mvc.EndpointMvcAdapter.invoke()
2019-04-02 23:33:21.429  INFO 13752 --- [main] o.s.b.a.e.mvc.EndpointHandlerMapping     : Mapped "{[/auditevents || /auditevents.json],methods=[GET],produces=[application/vnd.spring-boot.actuator.v1+json || application/json]}" onto public org.springframework.http.ResponseEntity<?> org.springframework.boot.actuate.endpoint.mvc.AuditEventsMvcEndpoint.findByPrincipalAndAfterAndType(java.lang.String,java.util.Date,java.lang.String)
2019-04-02 23:33:21.429  INFO 13752 --- [main] o.s.b.a.e.mvc.EndpointHandlerMapping     : Mapped "{[/dump || /dump.json],methods=[GET],produces=[application/vnd.spring-boot.actuator.v1+json || application/json]}" onto public java.lang.Object org.springframework.boot.actuate.endpoint.mvc.EndpointMvcAdapter.invoke()
2019-04-02 23:33:21.429  INFO 13752 --- [main] o.s.b.a.e.mvc.EndpointHandlerMapping     : Mapped "{[/logfile || /logfile.json],methods=[GET || HEAD]}" onto public void org.springframework.boot.actuate.endpoint.mvc.LogFileMvcEndpoint.invoke(javax.servlet.http.HttpServletRequest,javax.servlet.http.HttpServletResponse) throws javax.servlet.ServletException,java.io.IOException
2019-04-02 23:33:21.429  INFO 13752 --- [main] o.s.b.a.e.mvc.EndpointHandlerMapping     : Mapped "{[/jolokia/**]}" onto public org.springframework.web.servlet.ModelAndView org.springframework.boot.actuate.endpoint.mvc.JolokiaMvcEndpoint.handle(javax.servlet.http.HttpServletRequest,javax.servlet.http.HttpServletResponse) throws java.lang.Exception
2019-04-02 23:33:21.429  INFO 13752 --- [main] o.s.b.a.e.mvc.EndpointHandlerMapping     : Mapped "{[/autoconfig || /autoconfig.json],methods=[GET],produces=[application/vnd.spring-boot.actuator.v1+json || application/json]}" onto public java.lang.Object org.springframework.boot.actuate.endpoint.mvc.EndpointMvcAdapter.invoke()
2019-04-02 23:33:21.444  INFO 13752 --- [main] o.s.b.a.e.mvc.EndpointHandlerMapping     : Mapped "{[/configprops || /configprops.json],methods=[GET],produces=[application/vnd.spring-boot.actuator.v1+json || application/json]}" onto public java.lang.Object org.springframework.boot.actuate.endpoint.mvc.EndpointMvcAdapter.invoke()
2019-04-02 23:33:21.444  INFO 13752 --- [main] o.s.b.a.e.mvc.EndpointHandlerMapping     : Mapped "{[/routes || /routes.json],methods=[GET],produces=[application/vnd.spring-boot.actuator.v1+json || application/json]}" onto public java.lang.Object org.springframework.boot.actuate.endpoint.mvc.EndpointMvcAdapter.invoke()
2019-04-02 23:33:21.444  INFO 13752 --- [main] o.s.b.a.e.mvc.EndpointHandlerMapping     : Mapped "{[/heapdump || /heapdump.json],methods=[GET],produces=[application/octet-stream]}" onto public void org.springframework.boot.actuate.endpoint.mvc.HeapdumpMvcEndpoint.invoke(boolean,javax.servlet.http.HttpServletRequest,javax.servlet.http.HttpServletResponse) throws java.io.IOException,javax.servlet.ServletException
2019-04-02 23:33:21.444  INFO 13752 --- [main] o.s.b.a.e.mvc.EndpointHandlerMapping     : Mapped "{[/archaius || /archaius.json],methods=[GET],produces=[application/vnd.spring-boot.actuator.v1+json || application/json]}" onto public java.lang.Object org.springframework.boot.actuate.endpoint.mvc.EndpointMvcAdapter.invoke()
2019-04-02 23:33:21.444  INFO 13752 --- [main] o.s.b.a.e.mvc.EndpointHandlerMapping     : Mapped "{[/beans || /beans.json],methods=[GET],produces=[application/vnd.spring-boot.actuator.v1+json || application/json]}" onto public java.lang.Object org.springframework.boot.actuate.endpoint.mvc.EndpointMvcAdapter.invoke()
2019-04-02 23:33:21.444  INFO 13752 --- [main] o.s.b.a.e.mvc.EndpointHandlerMapping     : Mapped "{[/mappings || /mappings.json],methods=[GET],produces=[application/vnd.spring-boot.actuator.v1+json || application/json]}" onto public java.lang.Object org.springframework.boot.actuate.endpoint.mvc.EndpointMvcAdapter.invoke()
2019-04-02 23:33:21.444  INFO 13752 --- [main] o.s.b.a.e.mvc.EndpointHandlerMapping     : Mapped "{[/refresh || /refresh.json],methods=[POST]}" onto public java.lang.Object org.springframework.cloud.endpoint.GenericPostableMvcEndpoint.invoke()
2019-04-02 23:33:21.444  INFO 13752 --- [main] o.s.b.a.e.mvc.EndpointHandlerMapping     : Mapped "{[/metrics/{name:.*}],methods=[GET],produces=[application/vnd.spring-boot.actuator.v1+json || application/json]}" onto public java.lang.Object org.springframework.boot.actuate.endpoint.mvc.MetricsMvcEndpoint.value(java.lang.String)
2019-04-02 23:33:21.444  INFO 13752 --- [main] o.s.b.a.e.mvc.EndpointHandlerMapping     : Mapped "{[/metrics || /metrics.json],methods=[GET],produces=[application/vnd.spring-boot.actuator.v1+json || application/json]}" onto public java.lang.Object org.springframework.boot.actuate.endpoint.mvc.EndpointMvcAdapter.invoke()
2019-04-02 23:33:21.444  INFO 13752 --- [main] o.s.b.a.e.mvc.EndpointHandlerMapping     : Mapped "{[/features || /features.json],methods=[GET],produces=[application/vnd.spring-boot.actuator.v1+json || application/json]}" onto public java.lang.Object org.springframework.boot.actuate.endpoint.mvc.EndpointMvcAdapter.invoke()
2019-04-02 23:33:21.905  INFO 13752 --- [main] o.s.c.n.zuul.ZuulFilterInitializer       : Starting filter initializer
2019-04-02 23:33:21.920  WARN 13752 --- [main] arterDeprecationWarningAutoConfiguration : spring-cloud-starter-eureka is deprecated as of Spring Cloud Netflix 1.4.0, please migrate to spring-cloud-starter-netflix-eureka
2019-04-02 23:33:22.021  INFO 13752 --- [main] o.s.s.c.ThreadPoolTaskScheduler          : Initializing ExecutorService 'updateTaskScheduler'
2019-04-02 23:33:22.043  INFO 13752 --- [main] d.c.boot.admin.web.PrefixHandlerMapping  : Mapped "{[/api/applications/{id}],methods=[GET]}" onto public org.springframework.http.ResponseEntity<?> de.codecentric.boot.admin.registry.web.RegistryController.get(java.lang.String)
2019-04-02 23:33:22.044  INFO 13752 --- [main] d.c.boot.admin.web.PrefixHandlerMapping  : Mapped "{[/api/applications],methods=[POST]}" onto public org.springframework.http.ResponseEntity<?> de.codecentric.boot.admin.registry.web.RegistryController.register(de.codecentric.boot.admin.model.Application,org.springframework.web.util.UriComponentsBuilder)
2019-04-02 23:33:22.044  INFO 13752 --- [main] d.c.boot.admin.web.PrefixHandlerMapping  : Mapped "{[/api/applications/{id}],methods=[DELETE]}" onto public org.springframework.http.ResponseEntity<?> de.codecentric.boot.admin.registry.web.RegistryController.unregister(java.lang.String)
2019-04-02 23:33:22.044  INFO 13752 --- [main] d.c.boot.admin.web.PrefixHandlerMapping  : Mapped "{[/api/applications],methods=[GET]}" onto public java.util.Collection<de.codecentric.boot.admin.model.Application> de.codecentric.boot.admin.registry.web.RegistryController.applications(java.lang.String)
2019-04-02 23:33:22.045  INFO 13752 --- [main] d.c.boot.admin.web.PrefixHandlerMapping  : Mapped "{[/api/journal],produces=[application/json]}" onto public java.util.Collection<de.codecentric.boot.admin.event.ClientApplicationEvent> de.codecentric.boot.admin.journal.web.JournalController.getJournal()
2019-04-02 23:33:22.045  INFO 13752 --- [main] d.c.boot.admin.web.PrefixHandlerMapping  : Mapped "{[/api/journal],produces=[text/event-stream]}" onto public org.springframework.web.servlet.mvc.method.annotation.SseEmitter de.codecentric.boot.admin.journal.web.JournalController.getJournalEvents()
2019-04-02 23:33:22.115  INFO 13752 --- [main] o.s.j.e.a.AnnotationMBeanExporter        : Registering beans for JMX exposure on startup
2019-04-02 23:33:22.130  INFO 13752 --- [main] o.s.j.e.a.AnnotationMBeanExporter        : Bean with name 'configurationPropertiesRebinder' has been autodetected for JMX exposure
2019-04-02 23:33:22.130  INFO 13752 --- [main] o.s.j.e.a.AnnotationMBeanExporter        : Bean with name 'refreshEndpoint' has been autodetected for JMX exposure
2019-04-02 23:33:22.130  INFO 13752 --- [main] o.s.j.e.a.AnnotationMBeanExporter        : Bean with name 'environmentManager' has been autodetected for JMX exposure
2019-04-02 23:33:22.130  INFO 13752 --- [main] o.s.j.e.a.AnnotationMBeanExporter        : Bean with name 'serviceRegistryEndpoint' has been autodetected for JMX exposure
2019-04-02 23:33:22.130  INFO 13752 --- [main] o.s.j.e.a.AnnotationMBeanExporter        : Bean with name 'zuulEndpoint' has been autodetected for JMX exposure
2019-04-02 23:33:22.130  INFO 13752 --- [main] o.s.j.e.a.AnnotationMBeanExporter        : Bean with name 'refreshScope' has been autodetected for JMX exposure
2019-04-02 23:33:22.130  INFO 13752 --- [main] o.s.j.e.a.AnnotationMBeanExporter        : Located managed bean 'environmentManager': registering with JMX server as MBean [org.springframework.cloud.context.environment:name=environmentManager,type=EnvironmentManager]
2019-04-02 23:33:22.146  INFO 13752 --- [main] o.s.j.e.a.AnnotationMBeanExporter        : Located managed bean 'serviceRegistryEndpoint': registering with JMX server as MBean [org.springframework.cloud.client.serviceregistry.endpoint:name=serviceRegistryEndpoint,type=ServiceRegistryEndpoint]
2019-04-02 23:33:22.162  INFO 13752 --- [main] o.s.j.e.a.AnnotationMBeanExporter        : Located managed bean 'refreshScope': registering with JMX server as MBean [org.springframework.cloud.context.scope.refresh:name=refreshScope,type=RefreshScope]
2019-04-02 23:33:22.177  INFO 13752 --- [main] o.s.j.e.a.AnnotationMBeanExporter        : Located managed bean 'zuulEndpoint': registering with JMX server as MBean [org.springframework.cloud.netflix.zuul:name=zuulEndpoint,type=RoutesEndpoint]
2019-04-02 23:33:22.177  WARN 13752 --- [main] o.s.j.e.a.AnnotationMBeanExporter        : Bean with key 'zuulEndpoint' has been registered as an MBean but has no exposed attributes or operations
2019-04-02 23:33:22.177  INFO 13752 --- [main] o.s.j.e.a.AnnotationMBeanExporter        : Located managed bean 'configurationPropertiesRebinder': registering with JMX server as MBean [org.springframework.cloud.context.properties:name=configurationPropertiesRebinder,context=3e7545e8,type=ConfigurationPropertiesRebinder]
2019-04-02 23:33:22.193  INFO 13752 --- [main] o.s.j.e.a.AnnotationMBeanExporter        : Located managed bean 'refreshEndpoint': registering with JMX server as MBean [org.springframework.cloud.endpoint:name=refreshEndpoint,type=RefreshEndpoint]
2019-04-02 23:33:22.208  INFO 13752 --- [main] o.s.c.support.DefaultLifecycleProcessor  : Starting beans in phase 0
2019-04-02 23:33:22.224  INFO 13752 --- [main] o.s.c.n.eureka.InstanceInfoFactory       : Setting initial instance status as: STARTING
2019-04-02 23:33:22.288  INFO 13752 --- [main] com.netflix.discovery.DiscoveryClient    : Initializing Eureka in region us-east-1
2019-04-02 23:33:22.362  INFO 13752 --- [main] c.n.d.provider.DiscoveryJerseyProvider   : Using JSON encoding codec LegacyJacksonJson
2019-04-02 23:33:22.363  INFO 13752 --- [main] c.n.d.provider.DiscoveryJerseyProvider   : Using JSON decoding codec LegacyJacksonJson
2019-04-02 23:33:22.895  INFO 13752 --- [main] c.n.d.provider.DiscoveryJerseyProvider   : Using XML encoding codec XStreamXml
2019-04-02 23:33:22.895  INFO 13752 --- [main] c.n.d.provider.DiscoveryJerseyProvider   : Using XML decoding codec XStreamXml
2019-04-02 23:33:23.044  INFO 13752 --- [main] c.n.d.s.r.aws.ConfigClusterResolver      : Resolving eureka endpoints via configuration
2019-04-02 23:33:23.368  INFO 13752 --- [main] com.netflix.discovery.DiscoveryClient    : Disable delta property : false
2019-04-02 23:33:23.368  INFO 13752 --- [main] com.netflix.discovery.DiscoveryClient    : Single vip registry refresh property : null
2019-04-02 23:33:23.368  INFO 13752 --- [main] com.netflix.discovery.DiscoveryClient    : Force full registry fetch : false
2019-04-02 23:33:23.368  INFO 13752 --- [main] com.netflix.discovery.DiscoveryClient    : Application is null : false
2019-04-02 23:33:23.368  INFO 13752 --- [main] com.netflix.discovery.DiscoveryClient    : Registered Applications size is zero : true
2019-04-02 23:33:23.368  INFO 13752 --- [main] com.netflix.discovery.DiscoveryClient    : Application version is -1: true
2019-04-02 23:33:23.368  INFO 13752 --- [main] com.netflix.discovery.DiscoveryClient    : Getting all instance registry info from the eureka server
2019-04-02 23:33:23.493  INFO 13752 --- [main] com.netflix.discovery.DiscoveryClient    : The response status is 200
2019-04-02 23:33:23.493  INFO 13752 --- [main] com.netflix.discovery.DiscoveryClient    : Starting heartbeat executor: renew interval is: 30
2019-04-02 23:33:23.493  INFO 13752 --- [main] c.n.discovery.InstanceInfoReplicator     : InstanceInfoReplicator onDemand update allowed rate per min is 4
2019-04-02 23:33:23.493  INFO 13752 --- [main] com.netflix.discovery.DiscoveryClient    : Discovery Client initialized at timestamp 1554219203493 with initial instances count: 1
2019-04-02 23:33:23.493  INFO 13752 --- [main] o.s.c.n.e.s.EurekaServiceRegistry        : Registering application service-admin with eureka with status UP
2019-04-02 23:33:23.493  INFO 13752 --- [main] com.netflix.discovery.DiscoveryClient    : Saw local status change event StatusChangeEvent [timestamp=1554219203493, current=UP, previous=STARTING]
2019-04-02 23:33:23.508  INFO 13752 --- [DiscoveryClient-InstanceInfoReplicator-0] com.netflix.discovery.DiscoveryClient    : DiscoveryClient_SERVICE-ADMIN/DESKTOP-V057QKC:service-admin:5000: registering service...
2019-04-02 23:33:23.508  INFO 13752 --- [main] d.c.b.a.registry.ApplicationRegistry     : New Application Application [id=92384329, name=SERVICE-LUCY, managementUrl=http://DESKTOP-V057QKC:8792/, healthUrl=http://DESKTOP-V057QKC:8792/health, serviceUrl=http://DESKTOP-V057QKC:8792/] registered 
2019-04-02 23:33:23.540  INFO 13752 --- [DiscoveryClient-InstanceInfoReplicator-0] com.netflix.discovery.DiscoveryClient    : DiscoveryClient_SERVICE-ADMIN/DESKTOP-V057QKC:service-admin:5000 - registration status: 204
2019-04-02 23:33:23.618  INFO 13752 --- [main] s.b.c.e.t.TomcatEmbeddedServletContainer : Tomcat started on port(s): 5000 (http)
2019-04-02 23:33:23.618  INFO 13752 --- [main] .s.c.n.e.s.EurekaAutoServiceRegistration : Updating port to 5000
2019-04-02 23:33:23.618  INFO 13752 --- [main] c.e.b.BootAdminServerApplication         : Started BootAdminServerApplication in 9.509 seconds (JVM running for 10.038)
2019-04-02 23:33:41.008  INFO 13752 --- [http-nio-5000-exec-1] o.a.c.c.C.[Tomcat].[localhost].[/]       : Initializing Spring FrameworkServlet 'dispatcherServlet'
2019-04-02 23:33:41.008  INFO 13752 --- [http-nio-5000-exec-1] o.s.web.servlet.DispatcherServlet        : FrameworkServlet 'dispatcherServlet': initialization started
2019-04-02 23:33:41.036  INFO 13752 --- [http-nio-5000-exec-1] o.s.web.servlet.DispatcherServlet        : FrameworkServlet 'dispatcherServlet': initialization completed in 28 ms
2019-04-02 23:33:41.048  INFO 13752 --- [http-nio-5000-exec-1] o.s.c.n.zuul.web.ZuulHandlerMapping      : Mapped URL path [/api/applications/92384329/health/**] onto handler of type [class org.springframework.cloud.netflix.zuul.web.ZuulController]
2019-04-02 23:33:41.049  INFO 13752 --- [http-nio-5000-exec-1] o.s.c.n.zuul.web.ZuulHandlerMapping      : Mapped URL path [/api/applications/92384329/env/**] onto handler of type [class org.springframework.cloud.netflix.zuul.web.ZuulController]
2019-04-02 23:33:41.049  INFO 13752 --- [http-nio-5000-exec-1] o.s.c.n.zuul.web.ZuulHandlerMapping      : Mapped URL path [/api/applications/92384329/metrics/**] onto handler of type [class org.springframework.cloud.netflix.zuul.web.ZuulController]
2019-04-02 23:33:41.049  INFO 13752 --- [http-nio-5000-exec-1] o.s.c.n.zuul.web.ZuulHandlerMapping      : Mapped URL path [/api/applications/92384329/dump/**] onto handler of type [class org.springframework.cloud.netflix.zuul.web.ZuulController]
2019-04-02 23:33:41.049  INFO 13752 --- [http-nio-5000-exec-1] o.s.c.n.zuul.web.ZuulHandlerMapping      : Mapped URL path [/api/applications/92384329/jolokia/**] onto handler of type [class org.springframework.cloud.netflix.zuul.web.ZuulController]
2019-04-02 23:33:41.049  INFO 13752 --- [http-nio-5000-exec-1] o.s.c.n.zuul.web.ZuulHandlerMapping      : Mapped URL path [/api/applications/92384329/info/**] onto handler of type [class org.springframework.cloud.netflix.zuul.web.ZuulController]
2019-04-02 23:33:41.049  INFO 13752 --- [http-nio-5000-exec-1] o.s.c.n.zuul.web.ZuulHandlerMapping      : Mapped URL path [/api/applications/92384329/configprops/**] onto handler of type [class org.springframework.cloud.netflix.zuul.web.ZuulController]
2019-04-02 23:33:41.049  INFO 13752 --- [http-nio-5000-exec-1] o.s.c.n.zuul.web.ZuulHandlerMapping      : Mapped URL path [/api/applications/92384329/trace/**] onto handler of type [class org.springframework.cloud.netflix.zuul.web.ZuulController]
2019-04-02 23:33:41.049  INFO 13752 --- [http-nio-5000-exec-1] o.s.c.n.zuul.web.ZuulHandlerMapping      : Mapped URL path [/api/applications/92384329/logfile/**] onto handler of type [class org.springframework.cloud.netflix.zuul.web.ZuulController]
2019-04-02 23:33:41.049  INFO 13752 --- [http-nio-5000-exec-1] o.s.c.n.zuul.web.ZuulHandlerMapping      : Mapped URL path [/api/applications/92384329/refresh/**] onto handler of type [class org.springframework.cloud.netflix.zuul.web.ZuulController]
2019-04-02 23:33:41.049  INFO 13752 --- [http-nio-5000-exec-1] o.s.c.n.zuul.web.ZuulHandlerMapping      : Mapped URL path [/api/applications/92384329/flyway/**] onto handler of type [class org.springframework.cloud.netflix.zuul.web.ZuulController]
2019-04-02 23:33:41.049  INFO 13752 --- [http-nio-5000-exec-1] o.s.c.n.zuul.web.ZuulHandlerMapping      : Mapped URL path [/api/applications/92384329/liquibase/**] onto handler of type [class org.springframework.cloud.netflix.zuul.web.ZuulController]
2019-04-02 23:33:41.049  INFO 13752 --- [http-nio-5000-exec-1] o.s.c.n.zuul.web.ZuulHandlerMapping      : Mapped URL path [/api/applications/92384329/heapdump/**] onto handler of type [class org.springframework.cloud.netflix.zuul.web.ZuulController]
2019-04-02 23:33:41.049  INFO 13752 --- [http-nio-5000-exec-1] o.s.c.n.zuul.web.ZuulHandlerMapping      : Mapped URL path [/api/applications/92384329/loggers/**] onto handler of type [class org.springframework.cloud.netflix.zuul.web.ZuulController]
2019-04-02 23:33:41.049  INFO 13752 --- [http-nio-5000-exec-1] o.s.c.n.zuul.web.ZuulHandlerMapping      : Mapped URL path [/api/applications/92384329/auditevents/**] onto handler of type [class org.springframework.cloud.netflix.zuul.web.ZuulController]
2019-04-02 23:33:41.049  INFO 13752 --- [http-nio-5000-exec-1] o.s.c.n.zuul.web.ZuulHandlerMapping      : Mapped URL path [/api/applications/92384329/hystrix.stream/**] onto handler of type [class org.springframework.cloud.netflix.zuul.web.ZuulController]
2019-04-02 23:33:53.506  INFO 13752 --- [DiscoveryClient-CacheRefreshExecutor-0] d.c.b.a.registry.ApplicationRegistry     : New Application Application [id=371fd6ee, name=SERVICE-ADMIN, managementUrl=http://DESKTOP-V057QKC:5000/, healthUrl=http://DESKTOP-V057QKC:5000/health, serviceUrl=http://DESKTOP-V057QKC:5000/] registered 
2019-04-02 23:33:53.511  INFO 13752 --- [http-nio-5000-exec-6] o.s.c.n.zuul.web.ZuulHandlerMapping      : Mapped URL path [/api/applications/371fd6ee/health/**] onto handler of type [class org.springframework.cloud.netflix.zuul.web.ZuulController]
2019-04-02 23:33:53.511  INFO 13752 --- [http-nio-5000-exec-6] o.s.c.n.zuul.web.ZuulHandlerMapping      : Mapped URL path [/api/applications/371fd6ee/env/**] onto handler of type [class org.springframework.cloud.netflix.zuul.web.ZuulController]
2019-04-02 23:33:53.511  INFO 13752 --- [http-nio-5000-exec-6] o.s.c.n.zuul.web.ZuulHandlerMapping      : Mapped URL path [/api/applications/371fd6ee/metrics/**] onto handler of type [class org.springframework.cloud.netflix.zuul.web.ZuulController]
2019-04-02 23:33:53.511  INFO 13752 --- [http-nio-5000-exec-6] o.s.c.n.zuul.web.ZuulHandlerMapping      : Mapped URL path [/api/applications/371fd6ee/dump/**] onto handler of type [class org.springframework.cloud.netflix.zuul.web.ZuulController]
2019-04-02 23:33:53.511  INFO 13752 --- [http-nio-5000-exec-6] o.s.c.n.zuul.web.ZuulHandlerMapping      : Mapped URL path [/api/applications/371fd6ee/jolokia/**] onto handler of type [class org.springframework.cloud.netflix.zuul.web.ZuulController]
2019-04-02 23:33:53.511  INFO 13752 --- [http-nio-5000-exec-6] o.s.c.n.zuul.web.ZuulHandlerMapping      : Mapped URL path [/api/applications/371fd6ee/info/**] onto handler of type [class org.springframework.cloud.netflix.zuul.web.ZuulController]
2019-04-02 23:33:53.511  INFO 13752 --- [http-nio-5000-exec-6] o.s.c.n.zuul.web.ZuulHandlerMapping      : Mapped URL path [/api/applications/371fd6ee/configprops/**] onto handler of type [class org.springframework.cloud.netflix.zuul.web.ZuulController]
2019-04-02 23:33:53.511  INFO 13752 --- [http-nio-5000-exec-6] o.s.c.n.zuul.web.ZuulHandlerMapping      : Mapped URL path [/api/applications/371fd6ee/trace/**] onto handler of type [class org.springframework.cloud.netflix.zuul.web.ZuulController]
2019-04-02 23:33:53.511  INFO 13752 --- [http-nio-5000-exec-6] o.s.c.n.zuul.web.ZuulHandlerMapping      : Mapped URL path [/api/applications/371fd6ee/logfile/**] onto handler of type [class org.springframework.cloud.netflix.zuul.web.ZuulController]
2019-04-02 23:33:53.511  INFO 13752 --- [http-nio-5000-exec-6] o.s.c.n.zuul.web.ZuulHandlerMapping      : Mapped URL path [/api/applications/371fd6ee/refresh/**] onto handler of type [class org.springframework.cloud.netflix.zuul.web.ZuulController]
2019-04-02 23:33:53.511  INFO 13752 --- [http-nio-5000-exec-6] o.s.c.n.zuul.web.ZuulHandlerMapping      : Mapped URL path [/api/applications/371fd6ee/flyway/**] onto handler of type [class org.springframework.cloud.netflix.zuul.web.ZuulController]
2019-04-02 23:33:53.511  INFO 13752 --- [http-nio-5000-exec-6] o.s.c.n.zuul.web.ZuulHandlerMapping      : Mapped URL path [/api/applications/371fd6ee/liquibase/**] onto handler of type [class org.springframework.cloud.netflix.zuul.web.ZuulController]
2019-04-02 23:33:53.511  INFO 13752 --- [http-nio-5000-exec-6] o.s.c.n.zuul.web.ZuulHandlerMapping      : Mapped URL path [/api/applications/371fd6ee/heapdump/**] onto handler of type [class org.springframework.cloud.netflix.zuul.web.ZuulController]
2019-04-02 23:33:53.512  INFO 13752 --- [http-nio-5000-exec-6] o.s.c.n.zuul.web.ZuulHandlerMapping      : Mapped URL path [/api/applications/371fd6ee/loggers/**] onto handler of type [class org.springframework.cloud.netflix.zuul.web.ZuulController]
2019-04-02 23:33:53.512  INFO 13752 --- [http-nio-5000-exec-6] o.s.c.n.zuul.web.ZuulHandlerMapping      : Mapped URL path [/api/applications/371fd6ee/auditevents/**] onto handler of type [class org.springframework.cloud.netflix.zuul.web.ZuulController]
2019-04-02 23:33:53.512  INFO 13752 --- [http-nio-5000-exec-6] o.s.c.n.zuul.web.ZuulHandlerMapping      : Mapped URL path [/api/applications/371fd6ee/hystrix.stream/**] onto handler of type [class org.springframework.cloud.netflix.zuul.web.ZuulController]
